<?xml version="1.0" encoding="UTF-8"?>
<!-- Generated by org.testng.reporters.JUnitXMLReporter -->
<testsuite ignored="0" hostname="LAPTOP-0G4AGPL8" failures="1" tests="3" name="Test" time="0.071" errors="0" timestamp="12 Dec 2020 15:56:37 GMT">
  <testcase classname="listenersITTestNG.TestNGListener" name="login" time="0.019"/>
  <testcase classname="listenersITTestNG.TestNGListener" name="registration" time="0.007">
    <failure type="java.lang.AssertionError" message="Failing expected [true] but found [false]">
      <![CDATA[java.lang.AssertionError: Failing expected [true] but found [false]
at listenersITTestNG.TestNGListener.registration(TestNGListener.java:21)
... Removed 28 stack frames]]>
    </failure>
  </testcase> <!-- registration -->
  <testcase classname="listenersITTestNG.TestNGListener" name="report" time="0.003">
    <skipped/>
  </testcase> <!-- report -->
</testsuite> <!-- Test -->
