<?xml version="1.0" encoding="UTF-8"?>
<!-- Generated by org.testng.reporters.JUnitXMLReporter -->
<testsuite ignored="0" hostname="LAPTOP-0G4AGPL8" failures="2" tests="6" name="Test" time="0.097" errors="0" timestamp="12 Dec 2020 16:22:36 GMT">
  <testcase classname="listenersITTestNG.TestNGListener" name="login" time="0.014"/>
  <testcase classname="listenersITTestNG.TestNGListener" name="registration" time="0.012">
    <failure type="java.lang.AssertionError" message="Failing expected [true] but found [false]">
      <![CDATA[java.lang.AssertionError: Failing expected [true] but found [false]
at listenersITTestNG.TestNGListener.registration(TestNGListener.java:20)
... Removed 28 stack frames]]>
    </failure>
  </testcase> <!-- registration -->
  <testcase classname="listenersITTestNG.TestNGListener" name="report" time="0.003">
    <skipped/>
  </testcase> <!-- report -->
  <testcase classname="listenersITTestNG.TestNGListener3" name="login" time="0.003"/>
  <testcase classname="listenersITTestNG.TestNGListener3" name="registration" time="0.003">
    <failure type="java.lang.AssertionError" message="Failing expected [true] but found [false]">
      <![CDATA[java.lang.AssertionError: Failing expected [true] but found [false]
at listenersITTestNG.TestNGListener3.registration(TestNGListener3.java:20)
... Removed 28 stack frames]]>
    </failure>
  </testcase> <!-- registration -->
  <testcase classname="listenersITTestNG.TestNGListener3" name="report" time="0.003">
    <skipped/>
  </testcase> <!-- report -->
</testsuite> <!-- Test -->
